[19:35:12] [ServerMain/INFO]: [bootstrap] Running Java 21 (OpenJDK 64-Bit Server VM 21.0.5+11-Ubuntu-1ubuntu120.04; Ubuntu null) on Linux 6.5.0-1025-azure (amd64)
[19:35:12] [ServerMain/INFO]: [bootstrap] Loading Paper 1.21-130-master@b1b5d4c (2024-08-10T10:02:42Z) for Minecraft 1.21
[19:35:13] [ServerMain/INFO]: [PluginInitializerManager] Initializing plugins...
[19:35:14] [ServerMain/INFO]: [PluginInitializerManager] Initialized 4 plugins
[19:35:14] [ServerMain/INFO]: [PluginInitializerManager] Bukkit plugins (4):
 - Geyser-Spigot (2.6.0-SNAPSHOT), ViaBackwards (5.0.3), ViaVersion (5.2.1), floodgate (2.2.3-SNAPSHOT (b114-83fbd6e))
[19:35:20] [ServerMain/INFO]: Environment: Environment[sessionHost=https://sessionserver.mojang.com, servicesHost=https://api.minecraftservices.com, name=PROD]
[19:35:23] [ServerMain/INFO]: Loaded 1290 recipes
[19:35:24] [ServerMain/INFO]: Loaded 1399 advancements
[19:35:24] [Server thread/INFO]: Starting minecraft server version 1.21
[19:35:24] [Server thread/INFO]: Loading properties
[19:35:24] [Server thread/INFO]: This server is running Paper version 1.21-130-master@b1b5d4c (2024-08-10T10:02:42Z) (Implementing API version 1.21-R0.1-SNAPSHOT)
[19:35:25] [Server thread/INFO]: [spark] This server bundles the spark profiler. For more information please visit https://docs.papermc.io/paper/profiling
[19:35:25] [Server thread/INFO]: Server Ping Player Sample Count: 12
[19:35:25] [Server thread/INFO]: Using 4 threads for Netty based IO
[19:35:26] [Server thread/INFO]: [ChunkTaskScheduler] Chunk system is using 1 I/O threads, 1 worker threads, and population gen parallelism of 1 threads
[19:35:27] [Server thread/INFO]: Default game type: SURVIVAL
[19:35:27] [Server thread/INFO]: Generating keypair
[19:35:27] [Server thread/INFO]: Starting Minecraft server on *:25565
[19:35:27] [Server thread/INFO]: Using epoll channel type
[19:35:27] [Server thread/INFO]: Paper: Using libdeflate (Linux x86_64) compression from Velocity.
[19:35:27] [Server thread/INFO]: Paper: Using OpenSSL 1.1.x (Linux x86_64) cipher from Velocity.
[19:35:28] [Server thread/INFO]: [floodgate] Loading server plugin floodgate v2.2.3-SNAPSHOT (b114-83fbd6e)
[19:35:31] [Server thread/WARN]: [floodgate] en_ is not a supported Floodgate language.
[19:35:32] [Server thread/INFO]: [floodgate] Took 3,053ms to boot Floodgate
[19:35:32] [Server thread/INFO]: [ViaVersion] Loading server plugin ViaVersion v5.2.1
[19:35:32] [Server thread/INFO]: [ViaVersion] ViaVersion 5.2.1 is now loaded. Registering protocol transformers and injecting...
[19:35:33] [Via-Mappingloader-0/INFO]: [ViaVersion] Loading block connection mappings ...
[19:35:34] [Via-Mappingloader-0/INFO]: [ViaVersion] Using FastUtil Long2ObjectOpenHashMap for block connections
[19:35:36] [Server thread/INFO]: [ViaBackwards] Loading translations...
[19:35:36] [Server thread/INFO]: [ViaBackwards] Registering protocols...
[19:35:36] [Server thread/ERROR]: [ViaVersion] Error initializing plugin 'ViaVersion-5.2.1.jar' in folder 'plugins' (Is it up to date?)
java.lang.NoSuchMethodError: 'void com.viaversion.viabackwards.protocol.v1_13_1to1_13.rewriter.ItemPacketRewriter1_13_1.registerLevelParticles(com.viaversion.viaversion.api.protocol.packet.ClientboundPacketType, com.viaversion.viaversion.api.type.Type)'
	at ViaBackwards-5.0.3.jar/com.viaversion.viabackwards.protocol.v1_13_1to1_13.rewriter.ItemPacketRewriter1_13_1.registerPackets(ItemPacketRewriter1_13_1.java:72) ~[ViaBackwards-5.0.3.jar:?]
	at ViaVersion-5.2.1.jar/com.viaversion.viaversion.api.rewriter.RewriterBase.register(RewriterBase.java:36) ~[ViaVersion-5.2.1.jar:?]
	at ViaVersion-5.2.1.jar/com.viaversion.viaversion.api.protocol.AbstractProtocol.callRegister(AbstractProtocol.java:236) ~[ViaVersion-5.2.1.jar:?]
	at ViaVersion-5.2.1.jar/com.viaversion.viaversion.api.protocol.AbstractProtocol.registerPackets(AbstractProtocol.java:220) ~[ViaVersion-5.2.1.jar:?]
	at ViaBackwards-5.0.3.jar/com.viaversion.viabackwards.api.BackwardsProtocol.registerPackets(BackwardsProtocol.java:49) ~[ViaBackwards-5.0.3.jar:?]
	at ViaBackwards-5.0.3.jar/com.viaversion.viabackwards.protocol.v1_13_1to1_13.Protocol1_13_1To1_13.registerPackets(Protocol1_13_1To1_13.java:62) ~[ViaBackwards-5.0.3.jar:?]
	at ViaVersion-5.2.1.jar/com.viaversion.viaversion.api.protocol.AbstractProtocol.initialize(AbstractProtocol.java:106) ~[ViaVersion-5.2.1.jar:?]
	at ViaVersion-5.2.1.jar/com.viaversion.viaversion.protocol.ProtocolManagerImpl.registerProtocol(ProtocolManagerImpl.java:209) ~[ViaVersion-5.2.1.jar:?]
	at ViaVersion-5.2.1.jar/com.viaversion.viaversion.protocol.ProtocolManagerImpl.registerProtocol(ProtocolManagerImpl.java:203) ~[ViaVersion-5.2.1.jar:?]
	at ViaBackwards-5.0.3.jar/com.viaversion.viabackwards.api.ViaBackwardsPlatform.init(ViaBackwardsPlatform.java:108) ~[ViaBackwards-5.0.3.jar:?]
	at ViaBackwards-5.0.3.jar/com.viaversion.viabackwards.BukkitPlugin.lambda$new$0(BukkitPlugin.java:38) ~[ViaBackwards-5.0.3.jar:?]
	at ViaVersion-5.2.1.jar/com.viaversion.viaversion.ViaManagerImpl.init(ViaManagerImpl.java:115) ~[ViaVersion-5.2.1.jar:?]
	at ViaVersion-5.2.1.jar/com.viaversion.viaversion.ViaVersionPlugin.onLoad(ViaVersionPlugin.java:88) ~[ViaVersion-5.2.1.jar:?]
	at io.papermc.paper.plugin.storage.ServerPluginProviderStorage.processProvided(ServerPluginProviderStorage.java:59) ~[paper-1.21.jar:1.21-130-b1b5d4c]
	at io.papermc.paper.plugin.storage.ServerPluginProviderStorage.processProvided(ServerPluginProviderStorage.java:18) ~[paper-1.21.jar:1.21-130-b1b5d4c]
	at io.papermc.paper.plugin.storage.SimpleProviderStorage.enter(SimpleProviderStorage.java:39) ~[paper-1.21.jar:1.21-130-b1b5d4c]
	at io.papermc.paper.plugin.entrypoint.LaunchEntryPointHandler.enter(LaunchEntryPointHandler.java:40) ~[paper-1.21.jar:1.21-130-b1b5d4c]
	at org.bukkit.craftbukkit.CraftServer.loadPlugins(CraftServer.java:546) ~[paper-1.21.jar:1.21-130-b1b5d4c]
	at net.minecraft.server.dedicated.DedicatedServer.initServer(DedicatedServer.java:292) ~[paper-1.21.jar:1.21-130-b1b5d4c]
	at net.minecraft.server.MinecraftServer.runServer(MinecraftServer.java:1215) ~[paper-1.21.jar:1.21-130-b1b5d4c]
	at net.minecraft.server.MinecraftServer.lambda$spin$0(MinecraftServer.java:330) ~[paper-1.21.jar:1.21-130-b1b5d4c]
	at java.base/java.lang.Thread.run(Thread.java:1583) ~[?:?]
[19:35:36] [Server thread/INFO]: [Geyser-Spigot] Loading server plugin Geyser-Spigot v2.6.0-SNAPSHOT
[19:35:39] [Server thread/INFO]: [Geyser-Spigot] Loading extensions...
[19:35:39] [Server thread/INFO]: [Geyser-Spigot] Loaded 0 extension(s)
[19:35:39] [Server thread/INFO]: [ViaBackwards] Loading server plugin ViaBackwards v5.0.3
[19:35:39] [Server thread/INFO]: Server permissions file permissions.yml is empty, ignoring it
[19:35:39] [Server thread/WARN]: **** SERVER IS RUNNING IN OFFLINE/INSECURE MODE!
[19:35:39] [Server thread/WARN]: The server will make no attempt to authenticate usernames. Beware.
[19:35:39] [Server thread/WARN]: While this makes the game possible to play without internet access, it also opens up the ability for hackers to connect with any username they choose.
[19:35:39] [Server thread/WARN]: To change this, set "online-mode" to "true" in the server.properties file.
[19:35:39] [Server thread/INFO]: Preparing level "world"
[19:35:39] [Server thread/INFO]: Preparing start region for dimension minecraft:overworld
[19:35:42] [Server thread/INFO]: Time elapsed: 2181 ms
[19:35:42] [Server thread/INFO]: Preparing start region for dimension minecraft:the_nether
[19:35:42] [Server thread/INFO]: Time elapsed: 489 ms
[19:35:42] [Server thread/INFO]: Preparing start region for dimension minecraft:the_end
[19:35:42] [Server thread/INFO]: Time elapsed: 179 ms
[19:35:42] [Server thread/INFO]: [floodgate] Enabling floodgate v2.2.3-SNAPSHOT (b114-83fbd6e)
[19:35:44] [Server thread/INFO]: [ViaVersion] Enabling ViaVersion v5.2.1
[19:35:44] [Server thread/INFO]: [ViaVersion] ViaVersion detected server version: 1.21-1.21.1 (767)
[19:35:44] [Server thread/INFO]: [Geyser-Spigot] Enabling Geyser-Spigot v2.6.0-SNAPSHOT
[19:35:46] [Server thread/INFO]: [ViaBackwards] Enabling ViaBackwards v5.0.3
[19:35:46] [Server thread/INFO]: [spark] Starting background profiler...
[19:35:47] [Server thread/INFO]: [Geyser-Spigot] ******************************************
[19:35:47] [Server thread/INFO]: [Geyser-Spigot] 
[19:35:47] [Server thread/INFO]: [Geyser-Spigot] Loading Geyser version 2.6.0-b742 (git-master-ddd1afa)
[19:35:47] [Server thread/INFO]: [Geyser-Spigot] 
[19:35:47] [Server thread/INFO]: [Geyser-Spigot] ******************************************
[19:35:59] [epollEventLoopGroup-3-1/INFO]: [Geyser-Spigot] Started Geyser on UDP port 3846
[19:36:00] [Server thread/INFO]: [Geyser-Spigot] Done (12.992s)! Run /geyser help for help!
[19:36:00] [Server thread/INFO]: Done preparing level "world" (21.250s)
[19:36:00] [Server thread/INFO]: Running delayed init tasks
[19:36:00] [Server thread/INFO]: Done (49.295s)! For help, type "help"
[19:36:00] [Server thread/INFO]: Timings Reset
[19:36:00] [Craft Scheduler Thread - 5 - ViaVersion/INFO]: [ViaVersion] Finished mapping loading, shutting down loader executor.
